# JRE version: OpenJDK Runtime Environment (Zulu 8.68.0.21-CA-macos-aarch64) (8.0_362-b09) (build 1.8.0_362-b09)
# Java VM: OpenJDK 64-Bit Server VM (25.362-b09 mixed mode bsd-aarch64 compressed oops)
Heap:
 PSYoungGen      total 38400K, used 14952K [0x0000000795580000, 0x000000079a080000, 0x00000007c0000000)
  eden space 33280K, 44% used [0x0000000795580000,0x000000079641a090,0x0000000797600000)
  from space 5120K, 0% used [0x0000000797600000,0x0000000797600000,0x0000000797b00000)
  to   space 5120K, 0% used [0x0000000799b80000,0x0000000799b80000,0x000000079a080000)
 ParOldGen       total 61440K, used 6738K [0x0000000740000000, 0x0000000743c00000, 0x0000000795580000)
  object space 61440K, 10% used [0x0000000740000000,0x0000000740694890,0x0000000743c00000)
 Metaspace       used 20931K, capacity 22584K, committed 22656K, reserved 1069056K
  class space    used 3069K, capacity 3430K, committed 3456K, reserved 1048576K
GC Heap History (8 events):
Event: 0.585 GC heap before
{Heap before GC invocations=1 (full 0):
 PSYoungGen      total 38400K, used 33280K [0x0000000795580000, 0x0000000798000000, 0x00000007c0000000)
  eden space 33280K, 100% used [0x0000000795580000,0x0000000797600000,0x0000000797600000)
  from space 5120K, 0% used [0x0000000797b00000,0x0000000797b00000,0x0000000798000000)
  to   space 5120K, 0% used [0x0000000797600000,0x0000000797600000,0x0000000797b00000)
 ParOldGen       total 87552K, used 0K [0x0000000740000000, 0x0000000745580000, 0x0000000795580000)
  object space 87552K, 0% used [0x0000000740000000,0x0000000740000000,0x0000000745580000)
 Metaspace       used 12754K, capacity 13182K, committed 13312K, reserved 1060864K
  class space    used 1630K, capacity 1791K, committed 1792K, reserved 1048576K
Event: 0.589 GC heap after
Heap after GC invocations=1 (full 0):
 PSYoungGen      total 38400K, used 5101K [0x0000000795580000, 0x0000000798000000, 0x00000007c0000000)
  eden space 33280K, 0% used [0x0000000795580000,0x0000000795580000,0x0000000797600000)
  from space 5120K, 99% used [0x0000000797600000,0x0000000797afb428,0x0000000797b00000)
  to   space 5120K, 0% used [0x0000000797b00000,0x0000000797b00000,0x0000000798000000)
 ParOldGen       total 87552K, used 1699K [0x0000000740000000, 0x0000000745580000, 0x0000000795580000)
  object space 87552K, 1% used [0x0000000740000000,0x00000007401a8dd0,0x0000000745580000)
 Metaspace       used 12754K, capacity 13182K, committed 13312K, reserved 1060864K
  class space    used 1630K, capacity 1791K, committed 1792K, reserved 1048576K
}
Event: 0.815 GC heap before
{Heap before GC invocations=2 (full 0):
 PSYoungGen      total 38400K, used 38381K [0x0000000795580000, 0x0000000798000000, 0x00000007c0000000)
  eden space 33280K, 100% used [0x0000000795580000,0x0000000797600000,0x0000000797600000)
  from space 5120K, 99% used [0x0000000797600000,0x0000000797afb428,0x0000000797b00000)
  to   space 5120K, 0% used [0x0000000797b00000,0x0000000797b00000,0x0000000798000000)
 ParOldGen       total 87552K, used 1699K [0x0000000740000000, 0x0000000745580000, 0x0000000795580000)
  object space 87552K, 1% used [0x0000000740000000,0x00000007401a8dd0,0x0000000745580000)
 Metaspace       used 17248K, capacity 18282K, committed 18432K, reserved 1064960K
  class space    used 2514K, capacity 2775K, committed 2816K, reserved 1048576K
Event: 0.817 GC heap after
Heap after GC invocations=2 (full 0):
 PSYoungGen      total 38400K, used 5108K [0x0000000795580000, 0x0000000798000000, 0x00000007c0000000)
  eden space 33280K, 0% used [0x0000000795580000,0x0000000795580000,0x0000000797600000)
  from space 5120K, 99% used [0x0000000797b00000,0x0000000797ffd260,0x0000000798000000)
  to   space 5120K, 0% used [0x0000000797600000,0x0000000797600000,0x0000000797b00000)
 ParOldGen       total 87552K, used 3351K [0x0000000740000000, 0x0000000745580000, 0x0000000795580000)
  object space 87552K, 3% used [0x0000000740000000,0x0000000740345ed0,0x0000000745580000)
 Metaspace       used 17248K, capacity 18282K, committed 18432K, reserved 1064960K
  class space    used 2514K, capacity 2775K, committed 2816K, reserved 1048576K
}
Event: 1.035 GC heap before
{Heap before GC invocations=3 (full 0):
 PSYoungGen      total 38400K, used 17409K [0x0000000795580000, 0x0000000798000000, 0x00000007c0000000)
  eden space 33280K, 36% used [0x0000000795580000,0x0000000796183460,0x0000000797600000)
  from space 5120K, 99% used [0x0000000797b00000,0x0000000797ffd260,0x0000000798000000)
  to   space 5120K, 0% used [0x0000000797600000,0x0000000797600000,0x0000000797b00000)
 ParOldGen       total 87552K, used 3351K [0x0000000740000000, 0x0000000745580000, 0x0000000795580000)
  object space 87552K, 3% used [0x0000000740000000,0x0000000740345ed0,0x0000000745580000)
 Metaspace       used 19647K, capacity 21178K, committed 21248K, reserved 1067008K
  class space    used 2970K, capacity 3313K, committed 3328K, reserved 1048576K
Event: 1.038 GC heap after
Heap after GC invocations=3 (full 0):
 PSYoungGen      total 38400K, used 5104K [0x0000000795580000, 0x000000079a080000, 0x00000007c0000000)
  eden space 33280K, 0% used [0x0000000795580000,0x0000000795580000,0x0000000797600000)
  from space 5120K, 99% used [0x0000000797600000,0x0000000797afc030,0x0000000797b00000)
  to   space 5120K, 0% used [0x0000000799b80000,0x0000000799b80000,0x000000079a080000)
 ParOldGen       total 87552K, used 5061K [0x0000000740000000, 0x0000000745580000, 0x0000000795580000)
  object space 87552K, 5% used [0x0000000740000000,0x00000007404f1540,0x0000000745580000)
 Metaspace       used 19647K, capacity 21178K, committed 21248K, reserved 1067008K
  class space    used 2970K, capacity 3313K, committed 3328K, reserved 1048576K
}
Event: 1.038 GC heap before
{Heap before GC invocations=4 (full 1):
 PSYoungGen      total 38400K, used 5104K [0x0000000795580000, 0x000000079a080000, 0x00000007c0000000)
  eden space 33280K, 0% used [0x0000000795580000,0x0000000795580000,0x0000000797600000)
  from space 5120K, 99% used [0x0000000797600000,0x0000000797afc030,0x0000000797b00000)
  to   space 5120K, 0% used [0x0000000799b80000,0x0000000799b80000,0x000000079a080000)
 ParOldGen       total 87552K, used 5061K [0x0000000740000000, 0x0000000745580000, 0x0000000795580000)
  object space 87552K, 5% used [0x0000000740000000,0x00000007404f1540,0x0000000745580000)
 Metaspace       used 19647K, capacity 21178K, committed 21248K, reserved 1067008K
  class space    used 2970K, capacity 3313K, committed 3328K, reserved 1048576K
Event: 1.053 GC heap after
Heap after GC invocations=4 (full 1):
 PSYoungGen      total 38400K, used 0K [0x0000000795580000, 0x000000079a080000, 0x00000007c0000000)
  eden space 33280K, 0% used [0x0000000795580000,0x0000000795580000,0x0000000797600000)
  from space 5120K, 0% used [0x0000000797600000,0x0000000797600000,0x0000000797b00000)
  to   space 5120K, 0% used [0x0000000799b80000,0x0000000799b80000,0x000000079a080000)
 ParOldGen       total 61440K, used 6738K [0x0000000740000000, 0x0000000743c00000, 0x0000000795580000)
  object space 61440K, 10% used [0x0000000740000000,0x0000000740694890,0x0000000743c00000)
 Metaspace       used 19647K, capacity 21178K, committed 21248K, reserved 1067008K
  class space    used 2970K, capacity 3313K, committed 3328K, reserved 1048576K
}

