# JRE version: OpenJDK Runtime Environment (Zulu 8.68.0.21-CA-macos-aarch64) (8.0_362-b09) (build 1.8.0_362-b09)
# Java VM: OpenJDK 64-Bit Server VM (25.362-b09 mixed mode bsd-aarch64 compressed oops)
Heap:
 PSYoungGen      total 66048K, used 62339K [0x0000000795580000, 0x000000079a100000, 0x00000007c0000000)
  eden space 60928K, 93% used [0x0000000795580000,0x0000000798d67ec0,0x0000000799100000)
  from space 5120K, 99% used [0x0000000799600000,0x0000000799af9020,0x0000000799b00000)
  to   space 6144K, 0% used [0x0000000799b00000,0x0000000799b00000,0x000000079a100000)
 ParOldGen       total 60416K, used 10874K [0x0000000740000000, 0x0000000743b00000, 0x0000000795580000)
  object space 60416K, 17% used [0x0000000740000000,0x0000000740a9e800,0x0000000743b00000)
 Metaspace       used 22841K, capacity 24790K, committed 24832K, reserved 1071104K
  class space    used 3164K, capacity 3557K, committed 3584K, reserved 1048576K
GC Heap History (10 events):
Event: 0.953 GC heap before
{Heap before GC invocations=2 (full 0):
 PSYoungGen      total 38400K, used 38377K [0x0000000795580000, 0x0000000798000000, 0x00000007c0000000)
  eden space 33280K, 100% used [0x0000000795580000,0x0000000797600000,0x0000000797600000)
  from space 5120K, 99% used [0x0000000797600000,0x0000000797afa590,0x0000000797b00000)
  to   space 5120K, 0% used [0x0000000797b00000,0x0000000797b00000,0x0000000798000000)
 ParOldGen       total 87552K, used 1707K [0x0000000740000000, 0x0000000745580000, 0x0000000795580000)
  object space 87552K, 1% used [0x0000000740000000,0x00000007401aacc0,0x0000000745580000)
 Metaspace       used 17237K, capacity 18286K, committed 18432K, reserved 1064960K
  class space    used 2519K, capacity 2777K, committed 2816K, reserved 1048576K
Event: 0.957 GC heap after
Heap after GC invocations=2 (full 0):
 PSYoungGen      total 38400K, used 5108K [0x0000000795580000, 0x0000000798000000, 0x00000007c0000000)
  eden space 33280K, 0% used [0x0000000795580000,0x0000000795580000,0x0000000797600000)
  from space 5120K, 99% used [0x0000000797b00000,0x0000000797ffd280,0x0000000798000000)
  to   space 5120K, 0% used [0x0000000797600000,0x0000000797600000,0x0000000797b00000)
 ParOldGen       total 87552K, used 3289K [0x0000000740000000, 0x0000000745580000, 0x0000000795580000)
  object space 87552K, 3% used [0x0000000740000000,0x0000000740336688,0x0000000745580000)
 Metaspace       used 17237K, capacity 18286K, committed 18432K, reserved 1064960K
  class space    used 2519K, capacity 2777K, committed 2816K, reserved 1048576K
}
Event: 1.158 GC heap before
{Heap before GC invocations=3 (full 0):
 PSYoungGen      total 38400K, used 17415K [0x0000000795580000, 0x0000000798000000, 0x00000007c0000000)
  eden space 33280K, 36% used [0x0000000795580000,0x0000000796184ce0,0x0000000797600000)
  from space 5120K, 99% used [0x0000000797b00000,0x0000000797ffd280,0x0000000798000000)
  to   space 5120K, 0% used [0x0000000797600000,0x0000000797600000,0x0000000797b00000)
 ParOldGen       total 87552K, used 3289K [0x0000000740000000, 0x0000000745580000, 0x0000000795580000)
  object space 87552K, 3% used [0x0000000740000000,0x0000000740336688,0x0000000745580000)
 Metaspace       used 19676K, capacity 21198K, committed 21248K, reserved 1067008K
  class space    used 2985K, capacity 3323K, committed 3328K, reserved 1048576K
Event: 1.161 GC heap after
Heap after GC invocations=3 (full 0):
 PSYoungGen      total 38400K, used 5090K [0x0000000795580000, 0x000000079a080000, 0x00000007c0000000)
  eden space 33280K, 0% used [0x0000000795580000,0x0000000795580000,0x0000000797600000)
  from space 5120K, 99% used [0x0000000797600000,0x0000000797af8ab0,0x0000000797b00000)
  to   space 5120K, 0% used [0x0000000799b80000,0x0000000799b80000,0x000000079a080000)
 ParOldGen       total 87552K, used 5022K [0x0000000740000000, 0x0000000745580000, 0x0000000795580000)
  object space 87552K, 5% used [0x0000000740000000,0x00000007404e7828,0x0000000745580000)
 Metaspace       used 19676K, capacity 21198K, committed 21248K, reserved 1067008K
  class space    used 2985K, capacity 3323K, committed 3328K, reserved 1048576K
}
Event: 1.161 GC heap before
{Heap before GC invocations=4 (full 1):
 PSYoungGen      total 38400K, used 5090K [0x0000000795580000, 0x000000079a080000, 0x00000007c0000000)
  eden space 33280K, 0% used [0x0000000795580000,0x0000000795580000,0x0000000797600000)
  from space 5120K, 99% used [0x0000000797600000,0x0000000797af8ab0,0x0000000797b00000)
  to   space 5120K, 0% used [0x0000000799b80000,0x0000000799b80000,0x000000079a080000)
 ParOldGen       total 87552K, used 5022K [0x0000000740000000, 0x0000000745580000, 0x0000000795580000)
  object space 87552K, 5% used [0x0000000740000000,0x00000007404e7828,0x0000000745580000)
 Metaspace       used 19676K, capacity 21198K, committed 21248K, reserved 1067008K
  class space    used 2985K, capacity 3323K, committed 3328K, reserved 1048576K
Event: 1.175 GC heap after
Heap after GC invocations=4 (full 1):
 PSYoungGen      total 38400K, used 0K [0x0000000795580000, 0x000000079a080000, 0x00000007c0000000)
  eden space 33280K, 0% used [0x0000000795580000,0x0000000795580000,0x0000000797600000)
  from space 5120K, 0% used [0x0000000797600000,0x0000000797600000,0x0000000797b00000)
  to   space 5120K, 0% used [0x0000000799b80000,0x0000000799b80000,0x000000079a080000)
 ParOldGen       total 60416K, used 6759K [0x0000000740000000, 0x0000000743b00000, 0x0000000795580000)
  object space 60416K, 11% used [0x0000000740000000,0x0000000740699cc8,0x0000000743b00000)
 Metaspace       used 19676K, capacity 21198K, committed 21248K, reserved 1067008K
  class space    used 2985K, capacity 3323K, committed 3328K, reserved 1048576K
}
Event: 28.492 GC heap before
{Heap before GC invocations=5 (full 1):
 PSYoungGen      total 38400K, used 33280K [0x0000000795580000, 0x000000079a080000, 0x00000007c0000000)
  eden space 33280K, 100% used [0x0000000795580000,0x0000000797600000,0x0000000797600000)
  from space 5120K, 0% used [0x0000000797600000,0x0000000797600000,0x0000000797b00000)
  to   space 5120K, 0% used [0x0000000799b80000,0x0000000799b80000,0x000000079a080000)
 ParOldGen       total 60416K, used 6759K [0x0000000740000000, 0x0000000743b00000, 0x0000000795580000)
  object space 60416K, 11% used [0x0000000740000000,0x0000000740699cc8,0x0000000743b00000)
 Metaspace       used 21836K, capacity 23702K, committed 23808K, reserved 1069056K
  class space    used 3120K, capacity 3507K, committed 3584K, reserved 1048576K
Event: 28.495 GC heap after
Heap after GC invocations=5 (full 1):
 PSYoungGen      total 50688K, used 4356K [0x0000000795580000, 0x000000079a000000, 0x00000007c0000000)
  eden space 46080K, 0% used [0x0000000795580000,0x0000000795580000,0x0000000798280000)
  from space 4608K, 94% used [0x0000000799b80000,0x0000000799fc1020,0x000000079a000000)
  to   space 5120K, 0% used [0x0000000799600000,0x0000000799600000,0x0000000799b00000)
 ParOldGen       total 60416K, used 8787K [0x0000000740000000, 0x0000000743b00000, 0x0000000795580000)
  object space 60416K, 14% used [0x0000000740000000,0x0000000740894cd8,0x0000000743b00000)
 Metaspace       used 21836K, capacity 23702K, committed 23808K, reserved 1069056K
  class space    used 3120K, capacity 3507K, committed 3584K, reserved 1048576K
}
Event: 34.831 GC heap before
{Heap before GC invocations=6 (full 1):
 PSYoungGen      total 50688K, used 50436K [0x0000000795580000, 0x000000079a000000, 0x00000007c0000000)
  eden space 46080K, 100% used [0x0000000795580000,0x0000000798280000,0x0000000798280000)
  from space 4608K, 94% used [0x0000000799b80000,0x0000000799fc1020,0x000000079a000000)
  to   space 5120K, 0% used [0x0000000799600000,0x0000000799600000,0x0000000799b00000)
 ParOldGen       total 60416K, used 8793K [0x0000000740000000, 0x0000000743b00000, 0x0000000795580000)
  object space 60416K, 14% used [0x0000000740000000,0x0000000740896550,0x0000000743b00000)
 Metaspace       used 22574K, capacity 24562K, committed 24832K, reserved 1071104K
  class space    used 3162K, capacity 3555K, committed 3584K, reserved 1048576K
Event: 34.833 GC heap after
Heap after GC invocations=6 (full 1):
 PSYoungGen      total 66048K, used 5092K [0x0000000795580000, 0x000000079a100000, 0x00000007c0000000)
  eden space 60928K, 0% used [0x0000000795580000,0x0000000795580000,0x0000000799100000)
  from space 5120K, 99% used [0x0000000799600000,0x0000000799af9020,0x0000000799b00000)
  to   space 6144K, 0% used [0x0000000799b00000,0x0000000799b00000,0x000000079a100000)
 ParOldGen       total 60416K, used 10874K [0x0000000740000000, 0x0000000743b00000, 0x0000000795580000)
  object space 60416K, 17% used [0x0000000740000000,0x0000000740a9e800,0x0000000743b00000)
 Metaspace       used 22574K, capacity 24562K, committed 24832K, reserved 1071104K
  class space    used 3162K, capacity 3555K, committed 3584K, reserved 1048576K
}

